Feb 26 19:13:16: access: connection for localhost from ::1 (Mozilla/5.0 (X11; Linux x86_64; rv:31.0) Gecko/20100101 Firefox/31.0 Iceweasel/31.3.0): 
Feb 26 19:13:16: access: connection for localhost from ::1 (Mozilla/5.0 (X11; Linux x86_64; rv:31.0) Gecko/20100101 Firefox/31.0 Iceweasel/31.3.0): css/boa.css
Feb 26 19:13:16: access: connection for localhost from ::1 (Mozilla/5.0 (X11; Linux x86_64; rv:31.0) Gecko/20100101 Firefox/31.0 Iceweasel/31.3.0): BOA%20Sample%20application.js
Feb 26 19:13:16: access: connection for localhost from ::1 (Mozilla/5.0 (X11; Linux x86_64; rv:31.0) Gecko/20100101 Firefox/31.0 Iceweasel/31.3.0): favicon.ico
Feb 26 19:16:41: access: connection for localhost from ::1 (Mozilla/5.0 (X11; Linux x86_64; rv:31.0) Gecko/20100101 Firefox/31.0 Iceweasel/31.3.0): 
Feb 26 19:16:41: access: connection for localhost from ::1 (Mozilla/5.0 (X11; Linux x86_64; rv:31.0) Gecko/20100101 Firefox/31.0 Iceweasel/31.3.0): css/boa.css
Feb 26 19:16:41: access: connection for localhost from ::1 (Mozilla/5.0 (X11; Linux x86_64; rv:31.0) Gecko/20100101 Firefox/31.0 Iceweasel/31.3.0): BOA%20Sample%20application.js
Feb 26 19:16:41: access: connection for localhost from ::1 (Mozilla/5.0 (X11; Linux x86_64; rv:31.0) Gecko/20100101 Firefox/31.0 Iceweasel/31.3.0): favicon.ico
Feb 26 19:16:42: access: connection for localhost from ::1 (Mozilla/5.0 (X11; Linux x86_64; rv:31.0) Gecko/20100101 Firefox/31.0 Iceweasel/31.3.0): 
Feb 26 19:16:42: access: connection for localhost from ::1 (Mozilla/5.0 (X11; Linux x86_64; rv:31.0) Gecko/20100101 Firefox/31.0 Iceweasel/31.3.0): css/boa.css
Feb 26 19:16:42: access: connection for localhost from ::1 (Mozilla/5.0 (X11; Linux x86_64; rv:31.0) Gecko/20100101 Firefox/31.0 Iceweasel/31.3.0): BOA%20Sample%20application.js
Feb 26 19:16:43: access: connection for localhost from ::1 (Mozilla/5.0 (X11; Linux x86_64; rv:31.0) Gecko/20100101 Firefox/31.0 Iceweasel/31.3.0): favicon.ico
Feb 26 19:17:51: access: connection for localhost from ::1 (Mozilla/5.0 (X11; Linux x86_64; rv:31.0) Gecko/20100101 Firefox/31.0 Iceweasel/31.3.0): 
Feb 26 19:17:51: access: connection for localhost from ::1 (Mozilla/5.0 (X11; Linux x86_64; rv:31.0) Gecko/20100101 Firefox/31.0 Iceweasel/31.3.0): css/boa.css
Feb 26 19:17:51: access: connection for localhost from ::1 (Mozilla/5.0 (X11; Linux x86_64; rv:31.0) Gecko/20100101 Firefox/31.0 Iceweasel/31.3.0): BOA%20Sample%20application.js
Feb 26 19:17:51: access: connection for localhost from ::1 (Mozilla/5.0 (X11; Linux x86_64; rv:31.0) Gecko/20100101 Firefox/31.0 Iceweasel/31.3.0): favicon.ico
Feb 26 19:17:52: access: connection for localhost from ::1 (Mozilla/5.0 (X11; Linux x86_64; rv:31.0) Gecko/20100101 Firefox/31.0 Iceweasel/31.3.0): 
Feb 26 19:17:52: access: connection for localhost from ::1 (Mozilla/5.0 (X11; Linux x86_64; rv:31.0) Gecko/20100101 Firefox/31.0 Iceweasel/31.3.0): css/boa.css
Feb 26 19:17:52: access: connection for localhost from ::1 (Mozilla/5.0 (X11; Linux x86_64; rv:31.0) Gecko/20100101 Firefox/31.0 Iceweasel/31.3.0): BOA%20Sample%20application.js
Feb 26 19:17:52: access: connection for localhost from ::1 (Mozilla/5.0 (X11; Linux x86_64; rv:31.0) Gecko/20100101 Firefox/31.0 Iceweasel/31.3.0): favicon.ico
Feb 26 19:17:52: access: connection for localhost from ::1 (Mozilla/5.0 (X11; Linux x86_64; rv:31.0) Gecko/20100101 Firefox/31.0 Iceweasel/31.3.0): 
Feb 26 19:17:52: access: connection for localhost from ::1 (Mozilla/5.0 (X11; Linux x86_64; rv:31.0) Gecko/20100101 Firefox/31.0 Iceweasel/31.3.0): css/boa.css
Feb 26 19:17:52: access: connection for localhost from ::1 (Mozilla/5.0 (X11; Linux x86_64; rv:31.0) Gecko/20100101 Firefox/31.0 Iceweasel/31.3.0): BOA%20Sample%20application.js
Feb 26 19:17:52: access: connection for localhost from ::1 (Mozilla/5.0 (X11; Linux x86_64; rv:31.0) Gecko/20100101 Firefox/31.0 Iceweasel/31.3.0): 
Feb 26 19:17:52: access: connection for localhost from ::1 (Mozilla/5.0 (X11; Linux x86_64; rv:31.0) Gecko/20100101 Firefox/31.0 Iceweasel/31.3.0): css/boa.css
Feb 26 19:17:52: access: connection for localhost from ::1 (Mozilla/5.0 (X11; Linux x86_64; rv:31.0) Gecko/20100101 Firefox/31.0 Iceweasel/31.3.0): BOA%20Sample%20application.js
Feb 26 19:17:53: access: connection for localhost from ::1 (Mozilla/5.0 (X11; Linux x86_64; rv:31.0) Gecko/20100101 Firefox/31.0 Iceweasel/31.3.0): 
Feb 26 19:17:53: access: connection for localhost from ::1 (Mozilla/5.0 (X11; Linux x86_64; rv:31.0) Gecko/20100101 Firefox/31.0 Iceweasel/31.3.0): css/boa.css
Feb 26 19:17:53: access: connection for localhost from ::1 (Mozilla/5.0 (X11; Linux x86_64; rv:31.0) Gecko/20100101 Firefox/31.0 Iceweasel/31.3.0): BOA%20Sample%20application.js
Feb 26 19:17:53: access: connection for localhost from ::1 (Mozilla/5.0 (X11; Linux x86_64; rv:31.0) Gecko/20100101 Firefox/31.0 Iceweasel/31.3.0): 
Feb 26 19:17:53: access: connection for localhost from ::1 (Mozilla/5.0 (X11; Linux x86_64; rv:31.0) Gecko/20100101 Firefox/31.0 Iceweasel/31.3.0): css/boa.css
Feb 26 19:17:53: access: connection for localhost from ::1 (Mozilla/5.0 (X11; Linux x86_64; rv:31.0) Gecko/20100101 Firefox/31.0 Iceweasel/31.3.0): BOA%20Sample%20application.js
Feb 26 19:17:53: access: connection for localhost from ::1 (Mozilla/5.0 (X11; Linux x86_64; rv:31.0) Gecko/20100101 Firefox/31.0 Iceweasel/31.3.0): favicon.ico
Feb 26 19:18:02: access: connection for localhost from ::1 (Mozilla/5.0 (X11; Linux x86_64; rv:31.0) Gecko/20100101 Firefox/31.0 Iceweasel/31.3.0): 
Feb 26 19:18:02: access: connection for localhost from ::1 (Mozilla/5.0 (X11; Linux x86_64; rv:31.0) Gecko/20100101 Firefox/31.0 Iceweasel/31.3.0): css/boa.css
Feb 26 19:18:02: access: connection for localhost from ::1 (Mozilla/5.0 (X11; Linux x86_64; rv:31.0) Gecko/20100101 Firefox/31.0 Iceweasel/31.3.0): BOA%20Sample%20application.js
Feb 26 19:18:02: access: connection for localhost from ::1 (Mozilla/5.0 (X11; Linux x86_64; rv:31.0) Gecko/20100101 Firefox/31.0 Iceweasel/31.3.0): favicon.ico
Feb 26 19:19:09: access: connection for localhost from ::1 (Mozilla/5.0 (X11; Linux x86_64; rv:31.0) Gecko/20100101 Firefox/31.0 Iceweasel/31.3.0): 
Feb 26 19:19:09: access: connection for localhost from ::1 (Mozilla/5.0 (X11; Linux x86_64; rv:31.0) Gecko/20100101 Firefox/31.0 Iceweasel/31.3.0): css/boa.css
Feb 26 19:19:09: access: connection for localhost from ::1 (Mozilla/5.0 (X11; Linux x86_64; rv:31.0) Gecko/20100101 Firefox/31.0 Iceweasel/31.3.0): BOA%20Sample%20application.js
Feb 26 19:19:09: access: connection for localhost from ::1 (Mozilla/5.0 (X11; Linux x86_64; rv:31.0) Gecko/20100101 Firefox/31.0 Iceweasel/31.3.0): favicon.ico
Feb 26 19:19:16: access: connection for localhost from ::1 (Mozilla/5.0 (X11; Linux x86_64; rv:31.0) Gecko/20100101 Firefox/31.0 Iceweasel/31.3.0): 
Feb 26 19:19:16: access: connection for localhost from ::1 (Mozilla/5.0 (X11; Linux x86_64; rv:31.0) Gecko/20100101 Firefox/31.0 Iceweasel/31.3.0): css/boa.css
Feb 26 19:19:16: access: connection for localhost from ::1 (Mozilla/5.0 (X11; Linux x86_64; rv:31.0) Gecko/20100101 Firefox/31.0 Iceweasel/31.3.0): BOA%20Sample%20application.js
Feb 26 19:19:17: access: connection for localhost from ::1 (Mozilla/5.0 (X11; Linux x86_64; rv:31.0) Gecko/20100101 Firefox/31.0 Iceweasel/31.3.0): favicon.ico
Feb 26 19:19:26: access: connection for localhost from ::1 (Mozilla/5.0 (X11; Linux x86_64; rv:31.0) Gecko/20100101 Firefox/31.0 Iceweasel/31.3.0): pd
Feb 26 19:19:26: access: connection for localhost from ::1 (Mozilla/5.0 (X11; Linux x86_64; rv:31.0) Gecko/20100101 Firefox/31.0 Iceweasel/31.3.0): css/boa.css
Feb 26 19:19:26: access: connection for localhost from ::1 (Mozilla/5.0 (X11; Linux x86_64; rv:31.0) Gecko/20100101 Firefox/31.0 Iceweasel/31.3.0): favicon.ico
Feb 26 19:19:28: access: connection for localhost from ::1 (Mozilla/5.0 (X11; Linux x86_64; rv:31.0) Gecko/20100101 Firefox/31.0 Iceweasel/31.3.0): pd
Feb 26 19:19:28: access: connection for localhost from ::1 (Mozilla/5.0 (X11; Linux x86_64; rv:31.0) Gecko/20100101 Firefox/31.0 Iceweasel/31.3.0): css/boa.css
Feb 26 19:19:28: access: connection for localhost from ::1 (Mozilla/5.0 (X11; Linux x86_64; rv:31.0) Gecko/20100101 Firefox/31.0 Iceweasel/31.3.0): favicon.ico
Feb 26 19:19:31: access: connection for localhost from ::1 (Mozilla/5.0 (X11; Linux x86_64; rv:31.0) Gecko/20100101 Firefox/31.0 Iceweasel/31.3.0): 
Feb 26 19:19:31: access: connection for localhost from ::1 (Mozilla/5.0 (X11; Linux x86_64; rv:31.0) Gecko/20100101 Firefox/31.0 Iceweasel/31.3.0): css/boa.css
Feb 26 19:19:31: access: connection for localhost from ::1 (Mozilla/5.0 (X11; Linux x86_64; rv:31.0) Gecko/20100101 Firefox/31.0 Iceweasel/31.3.0): BOA%20Sample%20application.js
Feb 26 19:19:31: access: connection for localhost from ::1 (Mozilla/5.0 (X11; Linux x86_64; rv:31.0) Gecko/20100101 Firefox/31.0 Iceweasel/31.3.0): favicon.ico
